{
  "type": "INFO",
  "date": "2024-08-06T01:53:10.045Z",
  "info": {
    "method": "GET",
    "pathName": "/health"
  }
},
{
  "type": "INFO",
  "date": "2024-08-06T16:24:22.937Z",
  "info": {
    "message": "Server running at http://localhost:3000/"
  }
},
{
  "type": "INFO",
  "date": "2024-08-06T16:25:01.647Z",
  "info": {
    "message": "Server running at http://localhost:3005/"
  }
},
{
  "type": "INFO",
  "date": "2024-08-06T16:25:15.763Z",
  "info": {
    "method": "GET",
    "pathName": "/health"
  }
},
